<?xml version="1.0" encoding="UTF-8"?>
<coverage generated="1781467416073" clover="3.2.0">
  <project timestamp="1781467416073" name="All files">
    <metrics statements="42" coveredstatements="29" conditionals="11" coveredconditionals="11" methods="4" coveredmethods="3" elements="57" coveredelements="43" complexity="0" loc="42" ncloc="42" packages="1" files="1" classes="1"/>
    <file name="revenue.service.ts" path="D:\T\Work\easy-admin\bff\src\modules\revenue\revenue.service.ts">
      <metrics statements="42" coveredstatements="29" conditionals="11" coveredconditionals="11" methods="4" coveredmethods="3"/>
      <line num="1" count="1" type="stmt"/>
      <line num="35" count="1" type="stmt"/>
      <line num="39" count="1" type="cond" truecount="1" falsecount="0"/>
      <line num="40" count="5" type="stmt"/>
      <line num="42" count="5" type="cond" truecount="1" falsecount="0"/>
      <line num="43" count="5" type="cond" truecount="1" falsecount="0"/>
      <line num="44" count="5" type="cond" truecount="1" falsecount="0"/>
      <line num="46" count="5" type="cond" truecount="2" falsecount="0"/>
      <line num="47" count="3" type="stmt"/>
      <line num="48" count="3" type="cond" truecount="1" falsecount="0"/>
      <line num="49" count="3" type="cond" truecount="1" falsecount="0"/>
      <line num="50" count="3" type="stmt"/>
      <line num="51" count="3" type="stmt"/>
      <line num="53" count="5" type="stmt"/>
      <line num="54" count="5" type="stmt"/>
      <line num="57" count="1" type="cond" truecount="1" falsecount="0"/>
      <line num="58" count="3" type="stmt"/>
      <line num="60" count="3" type="cond" truecount="1" falsecount="0"/>
      <line num="61" count="5" type="stmt"/>
      <line num="62" count="5" type="stmt"/>
      <line num="64" count="3" type="stmt"/>
      <line num="65" count="3" type="stmt"/>
      <line num="66" count="3" type="stmt"/>
      <line num="67" count="3" type="stmt"/>
      <line num="68" count="3" type="stmt"/>
      <line num="69" count="3" type="stmt"/>
      <line num="73" count="1" type="cond" truecount="1" falsecount="0"/>
      <line num="74" count="7" type="stmt"/>
      <line num="75" count="7" type="stmt"/>
      <line num="78" count="0" type="stmt"/>
      <line num="79" count="0" type="stmt"/>
      <line num="80" count="0" type="stmt"/>
      <line num="81" count="0" type="stmt"/>
      <line num="82" count="0" type="stmt"/>
      <line num="83" count="0" type="stmt"/>
      <line num="84" count="0" type="stmt"/>
      <line num="85" count="0" type="stmt"/>
      <line num="86" count="0" type="stmt"/>
      <line num="87" count="0" type="stmt"/>
      <line num="89" count="0" type="stmt"/>
      <line num="90" count="0" type="stmt"/>
      <line num="91" count="0" type="stmt"/>
    </file>
  </project>
</coverage>
