{"D:\\T\\Work\\easy-admin\\bff\\src\\modules\\revenue\\revenue.service.ts": {"path":"D:\\T\\Work\\easy-admin\\bff\\src\\modules\\revenue\\revenue.service.ts","all":false,"statementMap":{"0":{"start":{"line":1,"column":0},"end":{"line":1,"column":37}},"34":{"start":{"line":35,"column":0},"end":{"line":35,"column":54}},"38":{"start":{"line":39,"column":0},"end":{"line":39,"column":79}},"39":{"start":{"line":40,"column":0},"end":{"line":40,"column":38}},"41":{"start":{"line":42,"column":0},"end":{"line":42,"column":49}},"42":{"start":{"line":43,"column":0},"end":{"line":43,"column":55}},"43":{"start":{"line":44,"column":0},"end":{"line":44,"column":59}},"45":{"start":{"line":46,"column":0},"end":{"line":46,"column":33}},"46":{"start":{"line":47,"column":0},"end":{"line":47,"column":42}},"47":{"start":{"line":48,"column":0},"end":{"line":48,"column":45}},"48":{"start":{"line":49,"column":0},"end":{"line":49,"column":41}},"49":{"start":{"line":50,"column":0},"end":{"line":50,"column":22}},"50":{"start":{"line":51,"column":0},"end":{"line":51,"column":3}},"52":{"start":{"line":53,"column":0},"end":{"line":53,"column":14}},"53":{"start":{"line":54,"column":0},"end":{"line":54,"column":1}},"56":{"start":{"line":57,"column":0},"end":{"line":57,"column":89}},"57":{"start":{"line":58,"column":0},"end":{"line":58,"column":55}},"59":{"start":{"line":60,"column":0},"end":{"line":60,"column":29}},"60":{"start":{"line":61,"column":0},"end":{"line":61,"column":38}},"61":{"start":{"line":62,"column":0},"end":{"line":62,"column":3}},"63":{"start":{"line":64,"column":0},"end":{"line":64,"column":10}},"64":{"start":{"line":65,"column":0},"end":{"line":65,"column":15}},"65":{"start":{"line":66,"column":0},"end":{"line":66,"column":47}},"66":{"start":{"line":67,"column":0},"end":{"line":67,"column":27}},"67":{"start":{"line":68,"column":0},"end":{"line":68,"column":3}},"68":{"start":{"line":69,"column":0},"end":{"line":69,"column":1}},"72":{"start":{"line":73,"column":0},"end":{"line":73,"column":75}},"73":{"start":{"line":74,"column":0},"end":{"line":74,"column":51}},"74":{"start":{"line":75,"column":0},"end":{"line":75,"column":1}},"77":{"start":{"line":78,"column":0},"end":{"line":78,"column":33}},"78":{"start":{"line":79,"column":0},"end":{"line":79,"column":15}},"79":{"start":{"line":80,"column":0},"end":{"line":80,"column":24}},"80":{"start":{"line":81,"column":0},"end":{"line":81,"column":14}},"81":{"start":{"line":82,"column":0},"end":{"line":82,"column":27}},"82":{"start":{"line":83,"column":0},"end":{"line":83,"column":23}},"83":{"start":{"line":84,"column":0},"end":{"line":84,"column":55}},"84":{"start":{"line":85,"column":0},"end":{"line":85,"column":37}},"85":{"start":{"line":86,"column":0},"end":{"line":86,"column":23}},"86":{"start":{"line":87,"column":0},"end":{"line":87,"column":14}},"88":{"start":{"line":89,"column":0},"end":{"line":89,"column":38}},"89":{"start":{"line":90,"column":0},"end":{"line":90,"column":56}},"90":{"start":{"line":91,"column":0},"end":{"line":91,"column":1}}},"s":{"0":1,"34":1,"38":1,"39":5,"41":5,"42":5,"43":5,"45":5,"46":3,"47":3,"48":3,"49":3,"50":3,"52":5,"53":5,"56":1,"57":3,"59":3,"60":5,"61":5,"63":3,"64":3,"65":3,"66":3,"67":3,"68":3,"72":1,"73":7,"74":7,"77":0,"78":0,"79":0,"80":0,"81":0,"82":0,"83":0,"84":0,"85":0,"86":0,"88":0,"89":0,"90":0},"branchMap":{"0":{"type":"branch","line":39,"loc":{"start":{"line":39,"column":7},"end":{"line":54,"column":1}},"locations":[{"start":{"line":39,"column":7},"end":{"line":54,"column":1}}]},"1":{"type":"branch","line":42,"loc":{"start":{"line":42,"column":21},"end":{"line":42,"column":49}},"locations":[{"start":{"line":42,"column":21},"end":{"line":42,"column":49}}]},"2":{"type":"branch","line":43,"loc":{"start":{"line":43,"column":23},"end":{"line":43,"column":55}},"locations":[{"start":{"line":43,"column":23},"end":{"line":43,"column":55}}]},"3":{"type":"branch","line":44,"loc":{"start":{"line":44,"column":22},"end":{"line":44,"column":59}},"locations":[{"start":{"line":44,"column":22},"end":{"line":44,"column":59}}]},"4":{"type":"branch","line":46,"loc":{"start":{"line":46,"column":13},"end":{"line":46,"column":32}},"locations":[{"start":{"line":46,"column":13},"end":{"line":46,"column":32}}]},"5":{"type":"branch","line":46,"loc":{"start":{"line":46,"column":32},"end":{"line":51,"column":3}},"locations":[{"start":{"line":46,"column":32},"end":{"line":51,"column":3}}]},"6":{"type":"branch","line":48,"loc":{"start":{"line":48,"column":21},"end":{"line":48,"column":45}},"locations":[{"start":{"line":48,"column":21},"end":{"line":48,"column":45}}]},"7":{"type":"branch","line":49,"loc":{"start":{"line":49,"column":19},"end":{"line":49,"column":41}},"locations":[{"start":{"line":49,"column":19},"end":{"line":49,"column":41}}]},"8":{"type":"branch","line":57,"loc":{"start":{"line":57,"column":7},"end":{"line":69,"column":1}},"locations":[{"start":{"line":57,"column":7},"end":{"line":69,"column":1}}]},"9":{"type":"branch","line":60,"loc":{"start":{"line":60,"column":28},"end":{"line":62,"column":3}},"locations":[{"start":{"line":60,"column":28},"end":{"line":62,"column":3}}]},"10":{"type":"branch","line":73,"loc":{"start":{"line":73,"column":7},"end":{"line":75,"column":1}},"locations":[{"start":{"line":73,"column":7},"end":{"line":75,"column":1}}]}},"b":{"0":[5],"1":[1],"2":[1],"3":[1],"4":[3],"5":[3],"6":[2],"7":[2],"8":[3],"9":[5],"10":[7]},"fnMap":{"0":{"name":"buildRevenueFilter","decl":{"start":{"line":39,"column":7},"end":{"line":54,"column":1}},"loc":{"start":{"line":39,"column":7},"end":{"line":54,"column":1}},"line":39},"1":{"name":"summarizeRevenue","decl":{"start":{"line":57,"column":7},"end":{"line":69,"column":1}},"loc":{"start":{"line":57,"column":7},"end":{"line":69,"column":1}},"line":57},"2":{"name":"toUnifiedVnd","decl":{"start":{"line":73,"column":7},"end":{"line":75,"column":1}},"loc":{"start":{"line":73,"column":7},"end":{"line":75,"column":1}},"line":73},"3":{"name":"getRevenue","decl":{"start":{"line":78,"column":0},"end":{"line":91,"column":1}},"loc":{"start":{"line":78,"column":0},"end":{"line":91,"column":1}},"line":78}},"f":{"0":5,"1":3,"2":7,"3":0}}
}
